<?xml version="1.0" encoding="UTF-8"?>
<!-- Generated by org.testng.reporters.JUnitReportReporter -->
<testsuite skipped="0" hostname="UKL60YBN32" name="STAX_Smoketest.staxSmoketest" tests="2" failures="0" timestamp="12 Jul 2019 09:55:10 GMT" time="27.358" errors="0">
  <testcase name="bookOnewayflight" time="9.956" classname="STAX_Smoketest.staxSmoketest"/>
  <testcase name="staxRegistration" time="17.402" classname="STAX_Smoketest.staxSmoketest"/>
</testsuite> <!-- STAX_Smoketest.staxSmoketest -->
