<?xml version="1.0" encoding="UTF-8"?>
<!-- Generated by org.testng.reporters.JUnitReportReporter -->
<testsuite skipped="0" hostname="UKL60YBN32" name="STAX_Smoketest.staxSmoketest" tests="2" failures="0" timestamp="12 Jul 2019 09:27:21 GMT" time="28.437" errors="0">
  <testcase name="bookOnewayflight" time="10.846" classname="STAX_Smoketest.staxSmoketest"/>
  <testcase name="staxRegistration" time="17.591" classname="STAX_Smoketest.staxSmoketest"/>
</testsuite> <!-- STAX_Smoketest.staxSmoketest -->
