<?xml version="1.0" encoding="UTF-8"?>
<!-- Generated by org.testng.reporters.JUnitReportReporter -->
<testsuite skipped="0" hostname="UKL60YBN32" name="com.STAX_common.StaxBase" tests="1" failures="0" timestamp="11 Jul 2019 10:33:54 GMT" time="0.006" errors="0">
  <testcase name="datefunction" time="0.006" classname="com.STAX_common.StaxBase"/>
</testsuite> <!-- com.STAX_common.StaxBase -->
